<?xml version="1.0" encoding="UTF-8"?>
<!-- Generated by org.testng.reporters.JUnitXMLReporter -->
<testsuite ignored="2" hostname="DESKTOP-FI8UJG3" failures="0" tests="3" name="Firefox Browser Testing" time="0.114" errors="0" timestamp="2022-10-04T18:59:34 IST">
  <testcase classname="com.lambdat.test.base.BaseTest" name="@BeforeTest setUrl" time="0.001">
    <failure type="java.lang.IllegalArgumentException" message="Driver must be set">
      <![CDATA[java.lang.IllegalArgumentException: Driver must be set
at org.openqa.selenium.internal.Require.nonNull(Require.java:59)
at org.openqa.selenium.interactions.Actions.<init>(Actions.java:60)
at com.lambdat.test.base.BaseTest.setUrl(BaseTest.java:70)
... Removed 24 stack frames]]>
    </failure>
  </testcase> <!-- @BeforeTest setUrl -->
  <testcase classname="com.lambdat.test.base.BaseTest" name="@BeforeMethod setup" time="-1.664890174218E9">
    <skipped/>
  </testcase> <!-- @BeforeMethod setup -->
  <testcase classname="com.lambdat.test.base.BaseTest" name="@AfterMethod tearDown" time="-1.664890174245E9">
    <skipped/>
  </testcase> <!-- @AfterMethod tearDown -->
  <testcase classname="com.lambdat.test.base.BaseTest" name="@BeforeMethod setup" time="-1.664890174266E9">
    <skipped/>
  </testcase> <!-- @BeforeMethod setup -->
  <testcase classname="com.lambdat.test.base.BaseTest" name="@AfterMethod tearDown" time="-1.66489017428E9">
    <skipped/>
  </testcase> <!-- @AfterMethod tearDown -->
  <testcase classname="com.lambdat.test.base.BaseTest" name="@BeforeMethod setup" time="-1.664890174302E9">
    <skipped/>
  </testcase> <!-- @BeforeMethod setup -->
  <testcase classname="com.lambdat.test.base.BaseTest" name="@AfterMethod tearDown" time="-1.664890174307E9">
    <skipped/>
  </testcase> <!-- @AfterMethod tearDown -->
  <testcase classname="com.lambda.test.LambdaTest_4" name="HandlingSliderBar" time="0.0">
    <skipped/>
  </testcase> <!-- HandlingSliderBar -->
  <testcase classname="com.lambda.test.LambdaTest_5" name="EnterAndValidateMessage" time="0.0">
    <skipped/>
  </testcase> <!-- EnterAndValidateMessage -->
  <testcase classname="com.lambda.test.LambdaTest_6" name="FormFilling" time="0.0">
    <skipped/>
  </testcase> <!-- FormFilling -->
  <testcase classname="com.lambdat.test.base.BaseTest" name="@BeforeTest setUrl" time="0.0">
    <ignored/>
  </testcase> <!-- @BeforeTest setUrl -->
  <testcase classname="com.lambdat.test.base.BaseTest" name="@BeforeTest setUrl" time="0.0">
    <ignored/>
  </testcase> <!-- @BeforeTest setUrl -->
</testsuite> <!-- Firefox Browser Testing -->
