<!DOCTYPE html PUBLIC "-//W3C//DTD XHTML 1.1//EN" "https://www.w3.org/TR/xhtml11/DTD/xhtml11.dtd">
<html xmlns="https://www.w3.org/1999/xhtml">
<head>
<meta http-equiv="content-type" content="text/html; charset=UTF-8"/>
<title>TestNG Report</title>
<style type="text/css">table {margin-bottom:10px;border-collapse:collapse;empty-cells:show}th,td {border:1px solid #009;padding:.25em .5em}th {vertical-align:bottom}td {vertical-align:top}table a {font-weight:bold}.stripe td {background-color: #E6EBF9}.num {text-align:right}.passedodd td {background-color: #3F3}.passedeven td {background-color: #0A0}.skippedodd td {background-color: #DDD}.skippedeven td {background-color: #CCC}.failedodd td,.attn {background-color: #F33}.failedeven td,.stripe .attn {background-color: #D00}.stacktrace {white-space:pre;font-family:monospace}.totop {font-size:85%;text-align:center;border-bottom:2px solid #000}.invisible {display:none}</style>
</head>
<body>
<table>
<tr><th>Test</th><th># Passed</th><th># Skipped</th><th># Retried</th><th># Failed</th><th>Time (ms)</th><th>Included Groups</th><th>Excluded Groups</th></tr>
<tr><th colspan="8">Cross Browser Single Test</th></tr>
<tr><td><a href="#t0">Chrome Browser Testing</a></td><td class="num">0</td><td class="num attn">3</td><td class="num">0</td><td class="num">0</td><td class="num">320</td><td></td><td></td></tr>
<tr class="stripe"><td><a href="#t1">Edge Browser Testing</a></td><td class="num">0</td><td class="num attn">3</td><td class="num">0</td><td class="num">0</td><td class="num">93</td><td></td><td></td></tr>
<tr><td><a href="#t2">Firefox Browser Testing</a></td><td class="num">0</td><td class="num attn">3</td><td class="num">0</td><td class="num">0</td><td class="num">114</td><td></td><td></td></tr>
<tr class="stripe"><td><a href="#t3">Safari Browser Testing</a></td><td class="num">0</td><td class="num attn">3</td><td class="num">0</td><td class="num">0</td><td class="num">41</td><td></td><td></td></tr>
<tr><th>Total</th><th class="num">0</th><th class="num attn">12</th><th class="num">0</th><th class="num">0</th><th class="num">568</th><th colspan="2"></th></tr>
</table>
<table id='summary'><thead><tr><th>Class</th><th>Method</th><th>Start</th><th>Time (ms)</th></tr></thead><tbody><tr><th colspan="4">Cross Browser Single Test</th></tr></tbody><tbody id="t0"><tr><th colspan="4">Chrome Browser Testing &#8212; failed (configuration methods)</th></tr><tr class="failedeven"><td rowspan="1">com.lambda.test.LambdaTest_4</td><td><a href="#m0">setUrl</a></td><td rowspan="1">1664890173599</td><td rowspan="1">49</td></tr><tr><th colspan="4">Chrome Browser Testing &#8212; skipped (configuration methods)</th></tr><tr class="skippedeven"><td rowspan="2">com.lambda.test.LambdaTest_4</td><td><a href="#m1">setup</a></td><td rowspan="1">1664890173760</td><td rowspan="1">-1664890173760</td></tr><tr class="skippedeven"><td><a href="#m2">tearDown</a></td><td rowspan="1">1664890173830</td><td rowspan="1">-1664890173830</td></tr><tr class="skippedodd"><td rowspan="2">com.lambda.test.LambdaTest_5</td><td><a href="#m3">setup</a></td><td rowspan="1">1664890173848</td><td rowspan="1">-1664890173848</td></tr><tr class="skippedodd"><td><a href="#m4">tearDown</a></td><td rowspan="1">1664890173860</td><td rowspan="1">-1664890173860</td></tr><tr class="skippedeven"><td rowspan="2">com.lambda.test.LambdaTest_6</td><td><a href="#m5">setup</a></td><td rowspan="1">1664890173875</td><td rowspan="1">-1664890173875</td></tr><tr class="skippedeven"><td><a href="#m6">tearDown</a></td><td rowspan="1">1664890173893</td><td rowspan="1">-1664890173893</td></tr><tr><th colspan="4">Chrome Browser Testing &#8212; skipped</th></tr><tr class="skippedeven"><td rowspan="1">com.lambda.test.LambdaTest_4</td><td><a href="#m7">HandlingSliderBar</a></td><td rowspan="1">1664890173803</td><td rowspan="1">0</td></tr><tr class="skippedodd"><td rowspan="1">com.lambda.test.LambdaTest_5</td><td><a href="#m8">EnterAndValidateMessage</a></td><td rowspan="1">1664890173850</td><td rowspan="1">0</td></tr><tr class="skippedeven"><td rowspan="1">com.lambda.test.LambdaTest_6</td><td><a href="#m9">FormFilling</a></td><td rowspan="1">1664890173881</td><td rowspan="1">0</td></tr></tbody>
<tbody id="t1"><tr><th colspan="4">Edge Browser Testing &#8212; failed (configuration methods)</th></tr><tr class="failedeven"><td rowspan="1">com.lambda.test.LambdaTest_4</td><td><a href="#m10">setUrl</a></td><td rowspan="1">1664890174038</td><td rowspan="1">1</td></tr><tr><th colspan="4">Edge Browser Testing &#8212; skipped (configuration methods)</th></tr><tr class="skippedeven"><td rowspan="2">com.lambda.test.LambdaTest_4</td><td><a href="#m11">setup</a></td><td rowspan="1">1664890174055</td><td rowspan="1">-1664890174055</td></tr><tr class="skippedeven"><td><a href="#m12">tearDown</a></td><td rowspan="1">1664890174080</td><td rowspan="1">-1664890174080</td></tr><tr class="skippedodd"><td rowspan="2">com.lambda.test.LambdaTest_5</td><td><a href="#m13">setup</a></td><td rowspan="1">1664890174086</td><td rowspan="1">-1664890174086</td></tr><tr class="skippedodd"><td><a href="#m14">tearDown</a></td><td rowspan="1">1664890174097</td><td rowspan="1">-1664890174097</td></tr><tr class="skippedeven"><td rowspan="2">com.lambda.test.LambdaTest_6</td><td><a href="#m15">setup</a></td><td rowspan="1">1664890174103</td><td rowspan="1">-1664890174103</td></tr><tr class="skippedeven"><td><a href="#m16">tearDown</a></td><td rowspan="1">1664890174122</td><td rowspan="1">-1664890174122</td></tr><tr><th colspan="4">Edge Browser Testing &#8212; skipped</th></tr><tr class="skippedeven"><td rowspan="1">com.lambda.test.LambdaTest_4</td><td><a href="#m17">HandlingSliderBar</a></td><td rowspan="1">1664890174061</td><td rowspan="1">0</td></tr><tr class="skippedodd"><td rowspan="1">com.lambda.test.LambdaTest_5</td><td><a href="#m18">EnterAndValidateMessage</a></td><td rowspan="1">1664890174092</td><td rowspan="1">0</td></tr><tr class="skippedeven"><td rowspan="1">com.lambda.test.LambdaTest_6</td><td><a href="#m19">FormFilling</a></td><td rowspan="1">1664890174106</td><td rowspan="1">0</td></tr></tbody>
<tbody id="t2"><tr><th colspan="4">Firefox Browser Testing &#8212; failed (configuration methods)</th></tr><tr class="failedeven"><td rowspan="1">com.lambda.test.LambdaTest_4</td><td><a href="#m20">setUrl</a></td><td rowspan="1">1664890174199</td><td rowspan="1">1</td></tr><tr><th colspan="4">Firefox Browser Testing &#8212; skipped (configuration methods)</th></tr><tr class="skippedeven"><td rowspan="2">com.lambda.test.LambdaTest_4</td><td><a href="#m21">setup</a></td><td rowspan="1">1664890174218</td><td rowspan="1">-1664890174218</td></tr><tr class="skippedeven"><td><a href="#m22">tearDown</a></td><td rowspan="1">1664890174245</td><td rowspan="1">-1664890174245</td></tr><tr class="skippedodd"><td rowspan="2">com.lambda.test.LambdaTest_5</td><td><a href="#m23">setup</a></td><td rowspan="1">1664890174266</td><td rowspan="1">-1664890174266</td></tr><tr class="skippedodd"><td><a href="#m24">tearDown</a></td><td rowspan="1">1664890174280</td><td rowspan="1">-1664890174280</td></tr><tr class="skippedeven"><td rowspan="2">com.lambda.test.LambdaTest_6</td><td><a href="#m25">setup</a></td><td rowspan="1">1664890174302</td><td rowspan="1">-1664890174302</td></tr><tr class="skippedeven"><td><a href="#m26">tearDown</a></td><td rowspan="1">1664890174307</td><td rowspan="1">-1664890174307</td></tr><tr><th colspan="4">Firefox Browser Testing &#8212; skipped</th></tr><tr class="skippedeven"><td rowspan="1">com.lambda.test.LambdaTest_4</td><td><a href="#m27">HandlingSliderBar</a></td><td rowspan="1">1664890174223</td><td rowspan="1">0</td></tr><tr class="skippedodd"><td rowspan="1">com.lambda.test.LambdaTest_5</td><td><a href="#m28">EnterAndValidateMessage</a></td><td rowspan="1">1664890174273</td><td rowspan="1">0</td></tr><tr class="skippedeven"><td rowspan="1">com.lambda.test.LambdaTest_6</td><td><a href="#m29">FormFilling</a></td><td rowspan="1">1664890174304</td><td rowspan="1">0</td></tr></tbody>
<tbody id="t3"><tr><th colspan="4">Safari Browser Testing &#8212; failed (configuration methods)</th></tr><tr class="failedeven"><td rowspan="1">com.lambda.test.LambdaTest_4</td><td><a href="#m30">setUrl</a></td><td rowspan="1">1664890174345</td><td rowspan="1">2</td></tr><tr><th colspan="4">Safari Browser Testing &#8212; skipped (configuration methods)</th></tr><tr class="skippedeven"><td rowspan="2">com.lambda.test.LambdaTest_4</td><td><a href="#m31">setup</a></td><td rowspan="1">1664890174355</td><td rowspan="1">-1664890174355</td></tr><tr class="skippedeven"><td><a href="#m32">tearDown</a></td><td rowspan="1">1664890174363</td><td rowspan="1">-1664890174363</td></tr><tr class="skippedodd"><td rowspan="2">com.lambda.test.LambdaTest_5</td><td><a href="#m33">setup</a></td><td rowspan="1">1664890174367</td><td rowspan="1">-1664890174367</td></tr><tr class="skippedodd"><td><a href="#m34">tearDown</a></td><td rowspan="1">1664890174373</td><td rowspan="1">-1664890174373</td></tr><tr class="skippedeven"><td rowspan="2">com.lambda.test.LambdaTest_6</td><td><a href="#m35">setup</a></td><td rowspan="1">1664890174378</td><td rowspan="1">-1664890174378</td></tr><tr class="skippedeven"><td><a href="#m36">tearDown</a></td><td rowspan="1">1664890174382</td><td rowspan="1">-1664890174382</td></tr><tr><th colspan="4">Safari Browser Testing &#8212; skipped</th></tr><tr class="skippedeven"><td rowspan="1">com.lambda.test.LambdaTest_4</td><td><a href="#m37">HandlingSliderBar</a></td><td rowspan="1">1664890174359</td><td rowspan="1">0</td></tr><tr class="skippedodd"><td rowspan="1">com.lambda.test.LambdaTest_5</td><td><a href="#m38">EnterAndValidateMessage</a></td><td rowspan="1">1664890174370</td><td rowspan="1">0</td></tr><tr class="skippedeven"><td rowspan="1">com.lambda.test.LambdaTest_6</td><td><a href="#m39">FormFilling</a></td><td rowspan="1">1664890174380</td><td rowspan="1">0</td></tr></tbody>
</table>
<h2>Chrome Browser Testing</h2><h3 id="m0">com.lambda.test.LambdaTest_4#setUrl</h3><table class="result"><tr class="param"><th>Parameter #1</th></tr><tr class="param stripe"><td>https://www.lambdatest.com/selenium-playground/</td></tr><tr><th>Exception</th></tr><tr><td><div class="stacktrace">java.lang.IllegalArgumentException: Driver must be set
	at org.openqa.selenium.internal.Require.nonNull(Require.java:59)
	at org.openqa.selenium.interactions.Actions.&lt;init&gt;(Actions.java:60)
	at com.lambdat.test.base.BaseTest.setUrl(BaseTest.java:70)
... Removed 24 stack frames</div></td></tr></table><p class="totop"><a href="#summary">back to summary</a></p>
<h3 id="m1">com.lambda.test.LambdaTest_4#setup</h3><table class="result"><tr><th class="invisible"/></tr></table><p class="totop"><a href="#summary">back to summary</a></p>
<h3 id="m2">com.lambda.test.LambdaTest_4#tearDown</h3><table class="result"><tr><th class="invisible"/></tr></table><p class="totop"><a href="#summary">back to summary</a></p>
<h3 id="m3">com.lambda.test.LambdaTest_5#setup</h3><table class="result"><tr><th class="invisible"/></tr></table><p class="totop"><a href="#summary">back to summary</a></p>
<h3 id="m4">com.lambda.test.LambdaTest_5#tearDown</h3><table class="result"><tr><th class="invisible"/></tr></table><p class="totop"><a href="#summary">back to summary</a></p>
<h3 id="m5">com.lambda.test.LambdaTest_6#setup</h3><table class="result"><tr><th class="invisible"/></tr></table><p class="totop"><a href="#summary">back to summary</a></p>
<h3 id="m6">com.lambda.test.LambdaTest_6#tearDown</h3><table class="result"><tr><th class="invisible"/></tr></table><p class="totop"><a href="#summary">back to summary</a></p>
<h3 id="m7">com.lambda.test.LambdaTest_4#HandlingSliderBar</h3><table class="result"><tr><th>Exception</th></tr><tr><td><div class="stacktrace">java.lang.IllegalArgumentException: Driver must be set
	at org.openqa.selenium.internal.Require.nonNull(Require.java:59)
	at org.openqa.selenium.interactions.Actions.&lt;init&gt;(Actions.java:60)
	at com.lambdat.test.base.BaseTest.setUrl(BaseTest.java:70)
... Removed 24 stack frames</div></td></tr></table><p class="totop"><a href="#summary">back to summary</a></p>
<h3 id="m8">com.lambda.test.LambdaTest_5#EnterAndValidateMessage</h3><table class="result"><tr><th>Exception</th></tr><tr><td><div class="stacktrace">java.lang.IllegalArgumentException: Driver must be set
	at org.openqa.selenium.internal.Require.nonNull(Require.java:59)
	at org.openqa.selenium.interactions.Actions.&lt;init&gt;(Actions.java:60)
	at com.lambdat.test.base.BaseTest.setUrl(BaseTest.java:70)
... Removed 24 stack frames</div></td></tr></table><p class="totop"><a href="#summary">back to summary</a></p>
<h3 id="m9">com.lambda.test.LambdaTest_6#FormFilling</h3><table class="result"><tr><th>Exception</th></tr><tr><td><div class="stacktrace">java.lang.IllegalArgumentException: Driver must be set
	at org.openqa.selenium.internal.Require.nonNull(Require.java:59)
	at org.openqa.selenium.interactions.Actions.&lt;init&gt;(Actions.java:60)
	at com.lambdat.test.base.BaseTest.setUrl(BaseTest.java:70)
... Removed 24 stack frames</div></td></tr></table><p class="totop"><a href="#summary">back to summary</a></p>
<h2>Edge Browser Testing</h2><h3 id="m10">com.lambda.test.LambdaTest_4#setUrl</h3><table class="result"><tr class="param"><th>Parameter #1</th></tr><tr class="param stripe"><td>https://www.lambdatest.com/selenium-playground/</td></tr><tr><th>Exception</th></tr><tr><td><div class="stacktrace">java.lang.IllegalArgumentException: Driver must be set
	at org.openqa.selenium.internal.Require.nonNull(Require.java:59)
	at org.openqa.selenium.interactions.Actions.&lt;init&gt;(Actions.java:60)
	at com.lambdat.test.base.BaseTest.setUrl(BaseTest.java:70)
... Removed 24 stack frames</div></td></tr></table><p class="totop"><a href="#summary">back to summary</a></p>
<h3 id="m11">com.lambda.test.LambdaTest_4#setup</h3><table class="result"><tr><th class="invisible"/></tr></table><p class="totop"><a href="#summary">back to summary</a></p>
<h3 id="m12">com.lambda.test.LambdaTest_4#tearDown</h3><table class="result"><tr><th class="invisible"/></tr></table><p class="totop"><a href="#summary">back to summary</a></p>
<h3 id="m13">com.lambda.test.LambdaTest_5#setup</h3><table class="result"><tr><th class="invisible"/></tr></table><p class="totop"><a href="#summary">back to summary</a></p>
<h3 id="m14">com.lambda.test.LambdaTest_5#tearDown</h3><table class="result"><tr><th class="invisible"/></tr></table><p class="totop"><a href="#summary">back to summary</a></p>
<h3 id="m15">com.lambda.test.LambdaTest_6#setup</h3><table class="result"><tr><th class="invisible"/></tr></table><p class="totop"><a href="#summary">back to summary</a></p>
<h3 id="m16">com.lambda.test.LambdaTest_6#tearDown</h3><table class="result"><tr><th class="invisible"/></tr></table><p class="totop"><a href="#summary">back to summary</a></p>
<h3 id="m17">com.lambda.test.LambdaTest_4#HandlingSliderBar</h3><table class="result"><tr><th>Exception</th></tr><tr><td><div class="stacktrace">java.lang.IllegalArgumentException: Driver must be set
	at org.openqa.selenium.internal.Require.nonNull(Require.java:59)
	at org.openqa.selenium.interactions.Actions.&lt;init&gt;(Actions.java:60)
	at com.lambdat.test.base.BaseTest.setUrl(BaseTest.java:70)
... Removed 24 stack frames</div></td></tr></table><p class="totop"><a href="#summary">back to summary</a></p>
<h3 id="m18">com.lambda.test.LambdaTest_5#EnterAndValidateMessage</h3><table class="result"><tr><th>Exception</th></tr><tr><td><div class="stacktrace">java.lang.IllegalArgumentException: Driver must be set
	at org.openqa.selenium.internal.Require.nonNull(Require.java:59)
	at org.openqa.selenium.interactions.Actions.&lt;init&gt;(Actions.java:60)
	at com.lambdat.test.base.BaseTest.setUrl(BaseTest.java:70)
... Removed 24 stack frames</div></td></tr></table><p class="totop"><a href="#summary">back to summary</a></p>
<h3 id="m19">com.lambda.test.LambdaTest_6#FormFilling</h3><table class="result"><tr><th>Exception</th></tr><tr><td><div class="stacktrace">java.lang.IllegalArgumentException: Driver must be set
	at org.openqa.selenium.internal.Require.nonNull(Require.java:59)
	at org.openqa.selenium.interactions.Actions.&lt;init&gt;(Actions.java:60)
	at com.lambdat.test.base.BaseTest.setUrl(BaseTest.java:70)
... Removed 24 stack frames</div></td></tr></table><p class="totop"><a href="#summary">back to summary</a></p>
<h2>Firefox Browser Testing</h2><h3 id="m20">com.lambda.test.LambdaTest_4#setUrl</h3><table class="result"><tr class="param"><th>Parameter #1</th></tr><tr class="param stripe"><td>https://www.lambdatest.com/selenium-playground/</td></tr><tr><th>Exception</th></tr><tr><td><div class="stacktrace">java.lang.IllegalArgumentException: Driver must be set
	at org.openqa.selenium.internal.Require.nonNull(Require.java:59)
	at org.openqa.selenium.interactions.Actions.&lt;init&gt;(Actions.java:60)
	at com.lambdat.test.base.BaseTest.setUrl(BaseTest.java:70)
... Removed 24 stack frames</div></td></tr></table><p class="totop"><a href="#summary">back to summary</a></p>
<h3 id="m21">com.lambda.test.LambdaTest_4#setup</h3><table class="result"><tr><th class="invisible"/></tr></table><p class="totop"><a href="#summary">back to summary</a></p>
<h3 id="m22">com.lambda.test.LambdaTest_4#tearDown</h3><table class="result"><tr><th class="invisible"/></tr></table><p class="totop"><a href="#summary">back to summary</a></p>
<h3 id="m23">com.lambda.test.LambdaTest_5#setup</h3><table class="result"><tr><th class="invisible"/></tr></table><p class="totop"><a href="#summary">back to summary</a></p>
<h3 id="m24">com.lambda.test.LambdaTest_5#tearDown</h3><table class="result"><tr><th class="invisible"/></tr></table><p class="totop"><a href="#summary">back to summary</a></p>
<h3 id="m25">com.lambda.test.LambdaTest_6#setup</h3><table class="result"><tr><th class="invisible"/></tr></table><p class="totop"><a href="#summary">back to summary</a></p>
<h3 id="m26">com.lambda.test.LambdaTest_6#tearDown</h3><table class="result"><tr><th class="invisible"/></tr></table><p class="totop"><a href="#summary">back to summary</a></p>
<h3 id="m27">com.lambda.test.LambdaTest_4#HandlingSliderBar</h3><table class="result"><tr><th>Exception</th></tr><tr><td><div class="stacktrace">java.lang.IllegalArgumentException: Driver must be set
	at org.openqa.selenium.internal.Require.nonNull(Require.java:59)
	at org.openqa.selenium.interactions.Actions.&lt;init&gt;(Actions.java:60)
	at com.lambdat.test.base.BaseTest.setUrl(BaseTest.java:70)
... Removed 24 stack frames</div></td></tr></table><p class="totop"><a href="#summary">back to summary</a></p>
<h3 id="m28">com.lambda.test.LambdaTest_5#EnterAndValidateMessage</h3><table class="result"><tr><th>Exception</th></tr><tr><td><div class="stacktrace">java.lang.IllegalArgumentException: Driver must be set
	at org.openqa.selenium.internal.Require.nonNull(Require.java:59)
	at org.openqa.selenium.interactions.Actions.&lt;init&gt;(Actions.java:60)
	at com.lambdat.test.base.BaseTest.setUrl(BaseTest.java:70)
... Removed 24 stack frames</div></td></tr></table><p class="totop"><a href="#summary">back to summary</a></p>
<h3 id="m29">com.lambda.test.LambdaTest_6#FormFilling</h3><table class="result"><tr><th>Exception</th></tr><tr><td><div class="stacktrace">java.lang.IllegalArgumentException: Driver must be set
	at org.openqa.selenium.internal.Require.nonNull(Require.java:59)
	at org.openqa.selenium.interactions.Actions.&lt;init&gt;(Actions.java:60)
	at com.lambdat.test.base.BaseTest.setUrl(BaseTest.java:70)
... Removed 24 stack frames</div></td></tr></table><p class="totop"><a href="#summary">back to summary</a></p>
<h2>Safari Browser Testing</h2><h3 id="m30">com.lambda.test.LambdaTest_4#setUrl</h3><table class="result"><tr class="param"><th>Parameter #1</th></tr><tr class="param stripe"><td>https://www.lambdatest.com/selenium-playground/</td></tr><tr><th>Exception</th></tr><tr><td><div class="stacktrace">java.lang.IllegalArgumentException: Driver must be set
	at org.openqa.selenium.internal.Require.nonNull(Require.java:59)
	at org.openqa.selenium.interactions.Actions.&lt;init&gt;(Actions.java:60)
	at com.lambdat.test.base.BaseTest.setUrl(BaseTest.java:70)
... Removed 24 stack frames</div></td></tr></table><p class="totop"><a href="#summary">back to summary</a></p>
<h3 id="m31">com.lambda.test.LambdaTest_4#setup</h3><table class="result"><tr><th class="invisible"/></tr></table><p class="totop"><a href="#summary">back to summary</a></p>
<h3 id="m32">com.lambda.test.LambdaTest_4#tearDown</h3><table class="result"><tr><th class="invisible"/></tr></table><p class="totop"><a href="#summary">back to summary</a></p>
<h3 id="m33">com.lambda.test.LambdaTest_5#setup</h3><table class="result"><tr><th class="invisible"/></tr></table><p class="totop"><a href="#summary">back to summary</a></p>
<h3 id="m34">com.lambda.test.LambdaTest_5#tearDown</h3><table class="result"><tr><th class="invisible"/></tr></table><p class="totop"><a href="#summary">back to summary</a></p>
<h3 id="m35">com.lambda.test.LambdaTest_6#setup</h3><table class="result"><tr><th class="invisible"/></tr></table><p class="totop"><a href="#summary">back to summary</a></p>
<h3 id="m36">com.lambda.test.LambdaTest_6#tearDown</h3><table class="result"><tr><th class="invisible"/></tr></table><p class="totop"><a href="#summary">back to summary</a></p>
<h3 id="m37">com.lambda.test.LambdaTest_4#HandlingSliderBar</h3><table class="result"><tr><th>Exception</th></tr><tr><td><div class="stacktrace">java.lang.IllegalArgumentException: Driver must be set
	at org.openqa.selenium.internal.Require.nonNull(Require.java:59)
	at org.openqa.selenium.interactions.Actions.&lt;init&gt;(Actions.java:60)
	at com.lambdat.test.base.BaseTest.setUrl(BaseTest.java:70)
... Removed 24 stack frames</div></td></tr></table><p class="totop"><a href="#summary">back to summary</a></p>
<h3 id="m38">com.lambda.test.LambdaTest_5#EnterAndValidateMessage</h3><table class="result"><tr><th>Exception</th></tr><tr><td><div class="stacktrace">java.lang.IllegalArgumentException: Driver must be set
	at org.openqa.selenium.internal.Require.nonNull(Require.java:59)
	at org.openqa.selenium.interactions.Actions.&lt;init&gt;(Actions.java:60)
	at com.lambdat.test.base.BaseTest.setUrl(BaseTest.java:70)
... Removed 24 stack frames</div></td></tr></table><p class="totop"><a href="#summary">back to summary</a></p>
<h3 id="m39">com.lambda.test.LambdaTest_6#FormFilling</h3><table class="result"><tr><th>Exception</th></tr><tr><td><div class="stacktrace">java.lang.IllegalArgumentException: Driver must be set
	at org.openqa.selenium.internal.Require.nonNull(Require.java:59)
	at org.openqa.selenium.interactions.Actions.&lt;init&gt;(Actions.java:60)
	at com.lambdat.test.base.BaseTest.setUrl(BaseTest.java:70)
... Removed 24 stack frames</div></td></tr></table><p class="totop"><a href="#summary">back to summary</a></p>
</body>
</html>
