<!DOCTYPE html>

<html>
  <head>
  <meta charset='utf-8'>
  <title>TestNG reports</title>

    <link type="text/css" href="testng-reports1.css" rel="stylesheet" id="ultra" />
    <link type="text/css" href="testng-reports.css" rel="stylesheet" id="retro" disabled="false"/>
    <script type="text/javascript" src="jquery.min.js"></script>
    <script type="text/javascript" src="testng-reports.js"></script>
    <script type="text/javascript" src="https://www.google.com/jsapi"></script>
    <script type='text/javascript'>
      google.load('visualization', '1', {packages:['table']});
      google.setOnLoadCallback(drawTable);
      var suiteTableInitFunctions = new Array();
      var suiteTableData = new Array();
    </script>
    <!--
      <script type="text/javascript" src="jquery-ui/js/jquery-ui-1.8.16.custom.min.js"></script>
     -->
  </head>

  <body>
    <div class="top-banner-root">
      <span class="top-banner-title-font">Test results</span>
      <button id="button" class="button">Switch Retro Theme</button> <!-- button -->
      <br/>
      <span class="top-banner-font-1">1 suite</span>
    </div> <!-- top-banner-root -->
    <div class="navigator-root">
      <div class="navigator-suite-header">
        <span>All suites</span>
        <a href="#" title="Collapse/expand all the suites" class="collapse-all-link">
          <img src="collapseall.gif" class="collapse-all-icon">
          </img> <!-- collapse-all-icon -->
        </a> <!-- collapse-all-link -->
      </div> <!-- navigator-suite-header -->
      <div class="suite">
        <div class="rounded-window">
          <div class="suite-header light-rounded-window-top">
            <a href="#" panel-name="suite-Cross_Browser_Single_Test" class="navigator-link">
              <span class="suite-name border-skipped">Cross Browser Single Test</span>
            </a> <!-- navigator-link -->
          </div> <!-- suite-header light-rounded-window-top -->
          <div class="navigator-suite-content">
            <div class="suite-section-title">
              <span>Info</span>
            </div> <!-- suite-section-title -->
            <div class="suite-section-content">
              <ul>
                <li>
                  <a href="#" panel-name="test-xml-Cross_Browser_Single_Test" class="navigator-link ">
                    <span>C:\Users\Dell\eclipse-workspace5\Selenium101\single2.xml</span>
                  </a> <!-- navigator-link  -->
                </li>
                <li>
                  <a href="#" panel-name="testlist-Cross_Browser_Single_Test" class="navigator-link ">
                    <span class="test-stats">4 tests</span>
                  </a> <!-- navigator-link  -->
                </li>
                <li>
                  <a href="#" panel-name="group-Cross_Browser_Single_Test" class="navigator-link ">
                    <span>0 groups</span>
                  </a> <!-- navigator-link  -->
                </li>
                <li>
                  <a href="#" panel-name="times-Cross_Browser_Single_Test" class="navigator-link ">
                    <span>Times</span>
                  </a> <!-- navigator-link  -->
                </li>
                <li>
                  <a href="#" panel-name="reporter-Cross_Browser_Single_Test" class="navigator-link ">
                    <span>Reporter output</span>
                  </a> <!-- navigator-link  -->
                </li>
                <li>
                  <a href="#" panel-name="ignored-methods-Cross_Browser_Single_Test" class="navigator-link ">
                    <span>Ignored methods</span>
                  </a> <!-- navigator-link  -->
                </li>
                <li>
                  <a href="#" panel-name="chronological-Cross_Browser_Single_Test" class="navigator-link ">
                    <span>Chronological view</span>
                  </a> <!-- navigator-link  -->
                </li>
              </ul>
            </div> <!-- suite-section-content -->
            <div class="result-section">
              <div class="suite-section-title">
                <span>Results</span>
              </div> <!-- suite-section-title -->
              <div class="suite-section-content">
                <ul>
                  <li>
                    <span class="method-stats">12 methods,  12 skipped,  </span>
                  </li>
                  <li>
                    <span class="method-list-title skipped">Skipped methods</span>
                    <span class="show-or-hide-methods skipped">
                      <a href="#" panel-name="suite-Cross_Browser_Single_Test" class="hide-methods skipped suite-Cross_Browser_Single_Test"> (hide)</a> <!-- hide-methods skipped suite-Cross_Browser_Single_Test -->
                      <a href="#" panel-name="suite-Cross_Browser_Single_Test" class="show-methods skipped suite-Cross_Browser_Single_Test"> (show)</a> <!-- show-methods skipped suite-Cross_Browser_Single_Test -->
                    </span>
                    <div class="method-list-content skipped suite-Cross_Browser_Single_Test">
                      <span>
                        <img src="skipped.png" width="3%"/>
                        <a href="#" panel-name="suite-Cross_Browser_Single_Test" title="com.lambda.test.LambdaTest_5" class="method navigator-link" hash-for-method="EnterAndValidateMessage">EnterAndValidateMessage</a> <!-- method navigator-link -->
                      </span>
                      <br/>
                      <span>
                        <img src="skipped.png" width="3%"/>
                        <a href="#" panel-name="suite-Cross_Browser_Single_Test" title="com.lambda.test.LambdaTest_5" class="method navigator-link" hash-for-method="EnterAndValidateMessage">EnterAndValidateMessage</a> <!-- method navigator-link -->
                      </span>
                      <br/>
                      <span>
                        <img src="skipped.png" width="3%"/>
                        <a href="#" panel-name="suite-Cross_Browser_Single_Test" title="com.lambda.test.LambdaTest_5" class="method navigator-link" hash-for-method="EnterAndValidateMessage">EnterAndValidateMessage</a> <!-- method navigator-link -->
                      </span>
                      <br/>
                      <span>
                        <img src="skipped.png" width="3%"/>
                        <a href="#" panel-name="suite-Cross_Browser_Single_Test" title="com.lambda.test.LambdaTest_5" class="method navigator-link" hash-for-method="EnterAndValidateMessage">EnterAndValidateMessage</a> <!-- method navigator-link -->
                      </span>
                      <br/>
                      <span>
                        <img src="skipped.png" width="3%"/>
                        <a href="#" panel-name="suite-Cross_Browser_Single_Test" title="com.lambda.test.LambdaTest_6" class="method navigator-link" hash-for-method="FormFilling">FormFilling</a> <!-- method navigator-link -->
                      </span>
                      <br/>
                      <span>
                        <img src="skipped.png" width="3%"/>
                        <a href="#" panel-name="suite-Cross_Browser_Single_Test" title="com.lambda.test.LambdaTest_6" class="method navigator-link" hash-for-method="FormFilling">FormFilling</a> <!-- method navigator-link -->
                      </span>
                      <br/>
                      <span>
                        <img src="skipped.png" width="3%"/>
                        <a href="#" panel-name="suite-Cross_Browser_Single_Test" title="com.lambda.test.LambdaTest_6" class="method navigator-link" hash-for-method="FormFilling">FormFilling</a> <!-- method navigator-link -->
                      </span>
                      <br/>
                      <span>
                        <img src="skipped.png" width="3%"/>
                        <a href="#" panel-name="suite-Cross_Browser_Single_Test" title="com.lambda.test.LambdaTest_6" class="method navigator-link" hash-for-method="FormFilling">FormFilling</a> <!-- method navigator-link -->
                      </span>
                      <br/>
                      <span>
                        <img src="skipped.png" width="3%"/>
                        <a href="#" panel-name="suite-Cross_Browser_Single_Test" title="com.lambda.test.LambdaTest_4" class="method navigator-link" hash-for-method="HandlingSliderBar">HandlingSliderBar</a> <!-- method navigator-link -->
                      </span>
                      <br/>
                      <span>
                        <img src="skipped.png" width="3%"/>
                        <a href="#" panel-name="suite-Cross_Browser_Single_Test" title="com.lambda.test.LambdaTest_4" class="method navigator-link" hash-for-method="HandlingSliderBar">HandlingSliderBar</a> <!-- method navigator-link -->
                      </span>
                      <br/>
                      <span>
                        <img src="skipped.png" width="3%"/>
                        <a href="#" panel-name="suite-Cross_Browser_Single_Test" title="com.lambda.test.LambdaTest_4" class="method navigator-link" hash-for-method="HandlingSliderBar">HandlingSliderBar</a> <!-- method navigator-link -->
                      </span>
                      <br/>
                      <span>
                        <img src="skipped.png" width="3%"/>
                        <a href="#" panel-name="suite-Cross_Browser_Single_Test" title="com.lambda.test.LambdaTest_4" class="method navigator-link" hash-for-method="HandlingSliderBar">HandlingSliderBar</a> <!-- method navigator-link -->
                      </span>
                      <br/>
                    </div> <!-- method-list-content skipped suite-Cross_Browser_Single_Test -->
                  </li>
                </ul>
              </div> <!-- suite-section-content -->
            </div> <!-- result-section -->
          </div> <!-- navigator-suite-content -->
        </div> <!-- rounded-window -->
      </div> <!-- suite -->
    </div> <!-- navigator-root -->
    <div class="wrapper">
      <div class="main-panel-root">
        <div panel-name="suite-Cross_Browser_Single_Test" class="panel Cross_Browser_Single_Test">
          <div class="suite-Cross_Browser_Single_Test-class-skipped">
            <div class="main-panel-header rounded-window-top">
              <img src="skipped.png"/>
              <span class="class-name">com.lambda.test.LambdaTest_6</span>
            </div> <!-- main-panel-header rounded-window-top -->
            <div class="main-panel-content rounded-window-bottom">
              <div class="method">
                <div class="method-content">
                  <a name="FormFilling">
                  </a> <!-- FormFilling -->
                  <span class="method-name">FormFilling</span>
                  <div class="stack-trace">java.lang.IllegalArgumentException: Driver must be set
	at org.openqa.selenium.internal.Require.nonNull(Require.java:59)
	at org.openqa.selenium.interactions.Actions.&lt;init&gt;(Actions.java:60)
	at com.lambdat.test.base.BaseTest.setUrl(BaseTest.java:70)
... Removed 24 stack frames
</div> <!-- stack-trace -->
                </div> <!-- method-content -->
              </div> <!-- method -->
              <div class="method">
                <div class="method-content">
                  <a name="FormFilling">
                  </a> <!-- FormFilling -->
                  <span class="method-name">FormFilling</span>
                  <div class="stack-trace">java.lang.IllegalArgumentException: Driver must be set
	at org.openqa.selenium.internal.Require.nonNull(Require.java:59)
	at org.openqa.selenium.interactions.Actions.&lt;init&gt;(Actions.java:60)
	at com.lambdat.test.base.BaseTest.setUrl(BaseTest.java:70)
... Removed 24 stack frames
</div> <!-- stack-trace -->
                </div> <!-- method-content -->
              </div> <!-- method -->
              <div class="method">
                <div class="method-content">
                  <a name="FormFilling">
                  </a> <!-- FormFilling -->
                  <span class="method-name">FormFilling</span>
                  <div class="stack-trace">java.lang.IllegalArgumentException: Driver must be set
	at org.openqa.selenium.internal.Require.nonNull(Require.java:59)
	at org.openqa.selenium.interactions.Actions.&lt;init&gt;(Actions.java:60)
	at com.lambdat.test.base.BaseTest.setUrl(BaseTest.java:70)
... Removed 24 stack frames
</div> <!-- stack-trace -->
                </div> <!-- method-content -->
              </div> <!-- method -->
              <div class="method">
                <div class="method-content">
                  <a name="FormFilling">
                  </a> <!-- FormFilling -->
                  <span class="method-name">FormFilling</span>
                  <div class="stack-trace">java.lang.IllegalArgumentException: Driver must be set
	at org.openqa.selenium.internal.Require.nonNull(Require.java:59)
	at org.openqa.selenium.interactions.Actions.&lt;init&gt;(Actions.java:60)
	at com.lambdat.test.base.BaseTest.setUrl(BaseTest.java:70)
... Removed 24 stack frames
</div> <!-- stack-trace -->
                </div> <!-- method-content -->
              </div> <!-- method -->
            </div> <!-- main-panel-content rounded-window-bottom -->
          </div> <!-- suite-Cross_Browser_Single_Test-class-skipped -->
          <div class="suite-Cross_Browser_Single_Test-class-skipped">
            <div class="main-panel-header rounded-window-top">
              <img src="skipped.png"/>
              <span class="class-name">com.lambda.test.LambdaTest_5</span>
            </div> <!-- main-panel-header rounded-window-top -->
            <div class="main-panel-content rounded-window-bottom">
              <div class="method">
                <div class="method-content">
                  <a name="EnterAndValidateMessage">
                  </a> <!-- EnterAndValidateMessage -->
                  <span class="method-name">EnterAndValidateMessage</span>
                  <div class="stack-trace">java.lang.IllegalArgumentException: Driver must be set
	at org.openqa.selenium.internal.Require.nonNull(Require.java:59)
	at org.openqa.selenium.interactions.Actions.&lt;init&gt;(Actions.java:60)
	at com.lambdat.test.base.BaseTest.setUrl(BaseTest.java:70)
... Removed 24 stack frames
</div> <!-- stack-trace -->
                </div> <!-- method-content -->
              </div> <!-- method -->
              <div class="method">
                <div class="method-content">
                  <a name="EnterAndValidateMessage">
                  </a> <!-- EnterAndValidateMessage -->
                  <span class="method-name">EnterAndValidateMessage</span>
                  <div class="stack-trace">java.lang.IllegalArgumentException: Driver must be set
	at org.openqa.selenium.internal.Require.nonNull(Require.java:59)
	at org.openqa.selenium.interactions.Actions.&lt;init&gt;(Actions.java:60)
	at com.lambdat.test.base.BaseTest.setUrl(BaseTest.java:70)
... Removed 24 stack frames
</div> <!-- stack-trace -->
                </div> <!-- method-content -->
              </div> <!-- method -->
              <div class="method">
                <div class="method-content">
                  <a name="EnterAndValidateMessage">
                  </a> <!-- EnterAndValidateMessage -->
                  <span class="method-name">EnterAndValidateMessage</span>
                  <div class="stack-trace">java.lang.IllegalArgumentException: Driver must be set
	at org.openqa.selenium.internal.Require.nonNull(Require.java:59)
	at org.openqa.selenium.interactions.Actions.&lt;init&gt;(Actions.java:60)
	at com.lambdat.test.base.BaseTest.setUrl(BaseTest.java:70)
... Removed 24 stack frames
</div> <!-- stack-trace -->
                </div> <!-- method-content -->
              </div> <!-- method -->
              <div class="method">
                <div class="method-content">
                  <a name="EnterAndValidateMessage">
                  </a> <!-- EnterAndValidateMessage -->
                  <span class="method-name">EnterAndValidateMessage</span>
                  <div class="stack-trace">java.lang.IllegalArgumentException: Driver must be set
	at org.openqa.selenium.internal.Require.nonNull(Require.java:59)
	at org.openqa.selenium.interactions.Actions.&lt;init&gt;(Actions.java:60)
	at com.lambdat.test.base.BaseTest.setUrl(BaseTest.java:70)
... Removed 24 stack frames
</div> <!-- stack-trace -->
                </div> <!-- method-content -->
              </div> <!-- method -->
            </div> <!-- main-panel-content rounded-window-bottom -->
          </div> <!-- suite-Cross_Browser_Single_Test-class-skipped -->
          <div class="suite-Cross_Browser_Single_Test-class-skipped">
            <div class="main-panel-header rounded-window-top">
              <img src="skipped.png"/>
              <span class="class-name">com.lambda.test.LambdaTest_4</span>
            </div> <!-- main-panel-header rounded-window-top -->
            <div class="main-panel-content rounded-window-bottom">
              <div class="method">
                <div class="method-content">
                  <a name="HandlingSliderBar">
                  </a> <!-- HandlingSliderBar -->
                  <span class="method-name">HandlingSliderBar</span>
                  <div class="stack-trace">java.lang.IllegalArgumentException: Driver must be set
	at org.openqa.selenium.internal.Require.nonNull(Require.java:59)
	at org.openqa.selenium.interactions.Actions.&lt;init&gt;(Actions.java:60)
	at com.lambdat.test.base.BaseTest.setUrl(BaseTest.java:70)
... Removed 24 stack frames
</div> <!-- stack-trace -->
                </div> <!-- method-content -->
              </div> <!-- method -->
              <div class="method">
                <div class="method-content">
                  <a name="HandlingSliderBar">
                  </a> <!-- HandlingSliderBar -->
                  <span class="method-name">HandlingSliderBar</span>
                  <div class="stack-trace">java.lang.IllegalArgumentException: Driver must be set
	at org.openqa.selenium.internal.Require.nonNull(Require.java:59)
	at org.openqa.selenium.interactions.Actions.&lt;init&gt;(Actions.java:60)
	at com.lambdat.test.base.BaseTest.setUrl(BaseTest.java:70)
... Removed 24 stack frames
</div> <!-- stack-trace -->
                </div> <!-- method-content -->
              </div> <!-- method -->
              <div class="method">
                <div class="method-content">
                  <a name="HandlingSliderBar">
                  </a> <!-- HandlingSliderBar -->
                  <span class="method-name">HandlingSliderBar</span>
                  <div class="stack-trace">java.lang.IllegalArgumentException: Driver must be set
	at org.openqa.selenium.internal.Require.nonNull(Require.java:59)
	at org.openqa.selenium.interactions.Actions.&lt;init&gt;(Actions.java:60)
	at com.lambdat.test.base.BaseTest.setUrl(BaseTest.java:70)
... Removed 24 stack frames
</div> <!-- stack-trace -->
                </div> <!-- method-content -->
              </div> <!-- method -->
              <div class="method">
                <div class="method-content">
                  <a name="HandlingSliderBar">
                  </a> <!-- HandlingSliderBar -->
                  <span class="method-name">HandlingSliderBar</span>
                  <div class="stack-trace">java.lang.IllegalArgumentException: Driver must be set
	at org.openqa.selenium.internal.Require.nonNull(Require.java:59)
	at org.openqa.selenium.interactions.Actions.&lt;init&gt;(Actions.java:60)
	at com.lambdat.test.base.BaseTest.setUrl(BaseTest.java:70)
... Removed 24 stack frames
</div> <!-- stack-trace -->
                </div> <!-- method-content -->
              </div> <!-- method -->
            </div> <!-- main-panel-content rounded-window-bottom -->
          </div> <!-- suite-Cross_Browser_Single_Test-class-skipped -->
        </div> <!-- panel Cross_Browser_Single_Test -->
        <div panel-name="test-xml-Cross_Browser_Single_Test" class="panel">
          <div class="main-panel-header rounded-window-top">
            <span class="header-content">C:\Users\Dell\eclipse-workspace5\Selenium101\single2.xml</span>
          </div> <!-- main-panel-header rounded-window-top -->
          <div class="main-panel-content rounded-window-bottom">
            <pre>
&lt;?xml version=&quot;1.0&quot; encoding=&quot;UTF-8&quot;?&gt;
&lt;!DOCTYPE suite SYSTEM &quot;https://testng.org/testng-1.0.dtd&quot;&gt;
&lt;suite name=&quot;Cross Browser Single Test&quot; guice-stage=&quot;DEVELOPMENT&quot;&gt;
  &lt;parameter name=&quot;url&quot; value=&quot;https://www.lambdatest.com/selenium-playground/&quot;/&gt;
  &lt;test thread-count=&quot;5&quot; name=&quot;Chrome Browser Testing&quot;&gt;
    &lt;parameter name=&quot;browser&quot; value=&quot;Chrome&quot;/&gt;
    &lt;parameter name=&quot;version&quot; value=&quot;latest&quot;/&gt;
    &lt;parameter name=&quot;platform&quot; value=&quot;Windows 10&quot;/&gt;
    &lt;classes&gt;
      &lt;class name=&quot;com.lambda.test.LambdaTest_4&quot;/&gt;
      &lt;class name=&quot;com.lambda.test.LambdaTest_5&quot;/&gt;
      &lt;class name=&quot;com.lambda.test.LambdaTest_6&quot;/&gt;
    &lt;/classes&gt;
  &lt;/test&gt; &lt;!-- Chrome Browser Testing --&gt;
  &lt;test thread-count=&quot;5&quot; name=&quot;Edge Browser Testing&quot;&gt;
    &lt;parameter name=&quot;browser&quot; value=&quot;Edge&quot;/&gt;
    &lt;parameter name=&quot;version&quot; value=&quot;87.0&quot;/&gt;
    &lt;parameter name=&quot;platform&quot; value=&quot;macOS Sierra&quot;/&gt;
    &lt;classes&gt;
      &lt;class name=&quot;com.lambda.test.LambdaTest_4&quot;/&gt;
      &lt;class name=&quot;com.lambda.test.LambdaTest_5&quot;/&gt;
      &lt;class name=&quot;com.lambda.test.LambdaTest_6&quot;/&gt;
    &lt;/classes&gt;
  &lt;/test&gt; &lt;!-- Edge Browser Testing --&gt;
  &lt;test thread-count=&quot;5&quot; name=&quot;Firefox Browser Testing&quot;&gt;
    &lt;parameter name=&quot;browser&quot; value=&quot;Firefox&quot;/&gt;
    &lt;parameter name=&quot;version&quot; value=&quot;82.0&quot;/&gt;
    &lt;parameter name=&quot;platform&quot; value=&quot;macOS Sierra&quot;/&gt;
    &lt;classes&gt;
      &lt;class name=&quot;com.lambda.test.LambdaTest_4&quot;/&gt;
      &lt;class name=&quot;com.lambda.test.LambdaTest_5&quot;/&gt;
      &lt;class name=&quot;com.lambda.test.LambdaTest_6&quot;/&gt;
    &lt;/classes&gt;
  &lt;/test&gt; &lt;!-- Firefox Browser Testing --&gt;
  &lt;test thread-count=&quot;5&quot; name=&quot;Safari Browser Testing&quot;&gt;
    &lt;parameter name=&quot;browser&quot; value=&quot;Safari&quot;/&gt;
    &lt;parameter name=&quot;version&quot; value=&quot;13.0&quot;/&gt;
    &lt;parameter name=&quot;platform&quot; value=&quot;MacOS Catalina&quot;/&gt;
    &lt;classes&gt;
      &lt;class name=&quot;com.lambda.test.LambdaTest_4&quot;/&gt;
      &lt;class name=&quot;com.lambda.test.LambdaTest_5&quot;/&gt;
      &lt;class name=&quot;com.lambda.test.LambdaTest_6&quot;/&gt;
    &lt;/classes&gt;
  &lt;/test&gt; &lt;!-- Safari Browser Testing --&gt;
&lt;/suite&gt; &lt;!-- Cross Browser Single Test --&gt;
            </pre>
          </div> <!-- main-panel-content rounded-window-bottom -->
        </div> <!-- panel -->
        <div panel-name="testlist-Cross_Browser_Single_Test" class="panel">
          <div class="main-panel-header rounded-window-top">
            <span class="header-content">Tests for Cross Browser Single Test</span>
          </div> <!-- main-panel-header rounded-window-top -->
          <div class="main-panel-content rounded-window-bottom">
            <ul>
              <li>
                <span class="test-name">Chrome Browser Testing (3 classes)</span>
              </li>
              <li>
                <span class="test-name">Edge Browser Testing (3 classes)</span>
              </li>
              <li>
                <span class="test-name">Firefox Browser Testing (3 classes)</span>
              </li>
              <li>
                <span class="test-name">Safari Browser Testing (3 classes)</span>
              </li>
            </ul>
          </div> <!-- main-panel-content rounded-window-bottom -->
        </div> <!-- panel -->
        <div panel-name="group-Cross_Browser_Single_Test" class="panel">
          <div class="main-panel-header rounded-window-top">
            <span class="header-content">Groups for Cross Browser Single Test</span>
          </div> <!-- main-panel-header rounded-window-top -->
          <div class="main-panel-content rounded-window-bottom">
          </div> <!-- main-panel-content rounded-window-bottom -->
        </div> <!-- panel -->
        <div panel-name="times-Cross_Browser_Single_Test" class="panel">
          <div class="main-panel-header rounded-window-top">
            <span class="header-content">Times for Cross Browser Single Test</span>
          </div> <!-- main-panel-header rounded-window-top -->
          <div class="main-panel-content rounded-window-bottom">
            <div class="times-div">
              <script type="text/javascript">
suiteTableInitFunctions.push('tableData_Cross_Browser_Single_Test');
function tableData_Cross_Browser_Single_Test() {
var data = new google.visualization.DataTable();
data.addColumn('number', 'Number');
data.addColumn('string', 'Method');
data.addColumn('string', 'Class');
data.addColumn('number', 'Time (ms)');
data.addRows(12);
data.setCell(0, 0, 0)
data.setCell(0, 1, 'HandlingSliderBar')
data.setCell(0, 2, 'com.lambda.test.LambdaTest_4')
data.setCell(0, 3, 0);
data.setCell(1, 0, 1)
data.setCell(1, 1, 'FormFilling')
data.setCell(1, 2, 'com.lambda.test.LambdaTest_6')
data.setCell(1, 3, 0);
data.setCell(2, 0, 2)
data.setCell(2, 1, 'EnterAndValidateMessage')
data.setCell(2, 2, 'com.lambda.test.LambdaTest_5')
data.setCell(2, 3, 0);
data.setCell(3, 0, 3)
data.setCell(3, 1, 'EnterAndValidateMessage')
data.setCell(3, 2, 'com.lambda.test.LambdaTest_5')
data.setCell(3, 3, 0);
data.setCell(4, 0, 4)
data.setCell(4, 1, 'HandlingSliderBar')
data.setCell(4, 2, 'com.lambda.test.LambdaTest_4')
data.setCell(4, 3, 0);
data.setCell(5, 0, 5)
data.setCell(5, 1, 'FormFilling')
data.setCell(5, 2, 'com.lambda.test.LambdaTest_6')
data.setCell(5, 3, 0);
data.setCell(6, 0, 6)
data.setCell(6, 1, 'FormFilling')
data.setCell(6, 2, 'com.lambda.test.LambdaTest_6')
data.setCell(6, 3, 0);
data.setCell(7, 0, 7)
data.setCell(7, 1, 'EnterAndValidateMessage')
data.setCell(7, 2, 'com.lambda.test.LambdaTest_5')
data.setCell(7, 3, 0);
data.setCell(8, 0, 8)
data.setCell(8, 1, 'HandlingSliderBar')
data.setCell(8, 2, 'com.lambda.test.LambdaTest_4')
data.setCell(8, 3, 0);
data.setCell(9, 0, 9)
data.setCell(9, 1, 'EnterAndValidateMessage')
data.setCell(9, 2, 'com.lambda.test.LambdaTest_5')
data.setCell(9, 3, 0);
data.setCell(10, 0, 10)
data.setCell(10, 1, 'FormFilling')
data.setCell(10, 2, 'com.lambda.test.LambdaTest_6')
data.setCell(10, 3, 0);
data.setCell(11, 0, 11)
data.setCell(11, 1, 'HandlingSliderBar')
data.setCell(11, 2, 'com.lambda.test.LambdaTest_4')
data.setCell(11, 3, 0);
window.suiteTableData['Cross_Browser_Single_Test']= { tableData: data, tableDiv: 'times-div-Cross_Browser_Single_Test'}
return data;
}
              </script>
              <span class="suite-total-time">Total running time: 0 ms</span>
              <div id="times-div-Cross_Browser_Single_Test">
              </div> <!-- times-div-Cross_Browser_Single_Test -->
            </div> <!-- times-div -->
          </div> <!-- main-panel-content rounded-window-bottom -->
        </div> <!-- panel -->
        <div panel-name="reporter-Cross_Browser_Single_Test" class="panel">
          <div class="main-panel-header rounded-window-top">
            <span class="header-content">Reporter output for Cross Browser Single Test</span>
          </div> <!-- main-panel-header rounded-window-top -->
          <div class="main-panel-content rounded-window-bottom">
          </div> <!-- main-panel-content rounded-window-bottom -->
        </div> <!-- panel -->
        <div panel-name="ignored-methods-Cross_Browser_Single_Test" class="panel">
          <div class="main-panel-header rounded-window-top">
            <span class="header-content">8 ignored methods</span>
          </div> <!-- main-panel-header rounded-window-top -->
          <div class="main-panel-content rounded-window-bottom">
            <div class="ignored-class-div">
              <span class="ignored-class-name">com.lambda.test.LambdaTest_6</span>
              <div class="ignored-methods-div">
                <span class="ignored-method-name">setUrl</span>
                <br/>
                <span class="ignored-method-name">setUrl</span>
                <br/>
                <span class="ignored-method-name">setUrl</span>
                <br/>
                <span class="ignored-method-name">setUrl</span>
                <br/>
              </div> <!-- ignored-methods-div -->
            </div> <!-- ignored-class-div -->
            <div class="ignored-class-div">
              <span class="ignored-class-name">com.lambda.test.LambdaTest_5</span>
              <div class="ignored-methods-div">
                <span class="ignored-method-name">setUrl</span>
                <br/>
                <span class="ignored-method-name">setUrl</span>
                <br/>
                <span class="ignored-method-name">setUrl</span>
                <br/>
                <span class="ignored-method-name">setUrl</span>
                <br/>
              </div> <!-- ignored-methods-div -->
            </div> <!-- ignored-class-div -->
          </div> <!-- main-panel-content rounded-window-bottom -->
        </div> <!-- panel -->
        <div panel-name="chronological-Cross_Browser_Single_Test" class="panel">
          <div class="main-panel-header rounded-window-top">
            <span class="header-content">Methods in chronological order</span>
          </div> <!-- main-panel-header rounded-window-top -->
          <div class="main-panel-content rounded-window-bottom">
            <div class="chronological-class">
              <div class="chronological-class-name">com.lambda.test.LambdaTest_4</div> <!-- chronological-class-name -->
              <div class="configuration-test before">
                <img src="failed.png">
                </img>
                <span class="method-name">setUrl(https://www.lambdatest.com/selenium-playground/)</span>
                <span class="method-start">0 ms</span>
              </div> <!-- configuration-test before -->
              <div class="configuration-method before">
                <span class="method-name">setup</span>
                <span class="method-start">161 ms</span>
              </div> <!-- configuration-method before -->
              <div class="test-method">
                <span class="method-name">HandlingSliderBar</span>
                <span class="method-start">204 ms</span>
              </div> <!-- test-method -->
              <div class="configuration-method after">
                <span class="method-name">tearDown</span>
                <span class="method-start">231 ms</span>
              </div> <!-- configuration-method after -->
            </div> <!-- chronological-class -->
            <div class="chronological-class">
              <div class="chronological-class-name">com.lambda.test.LambdaTest_5</div> <!-- chronological-class-name -->
              <div class="configuration-method before">
                <span class="method-name">setup</span>
                <span class="method-start">249 ms</span>
              </div> <!-- configuration-method before -->
              <div class="test-method">
                <span class="method-name">EnterAndValidateMessage</span>
                <span class="method-start">251 ms</span>
              </div> <!-- test-method -->
              <div class="configuration-method after">
                <span class="method-name">tearDown</span>
                <span class="method-start">261 ms</span>
              </div> <!-- configuration-method after -->
            </div> <!-- chronological-class -->
            <div class="chronological-class">
              <div class="chronological-class-name">com.lambda.test.LambdaTest_6</div> <!-- chronological-class-name -->
              <div class="configuration-method before">
                <span class="method-name">setup</span>
                <span class="method-start">276 ms</span>
              </div> <!-- configuration-method before -->
              <div class="test-method">
                <span class="method-name">FormFilling</span>
                <span class="method-start">282 ms</span>
              </div> <!-- test-method -->
              <div class="configuration-method after">
                <span class="method-name">tearDown</span>
                <span class="method-start">294 ms</span>
              </div> <!-- configuration-method after -->
            </div> <!-- chronological-class -->
            <div class="chronological-class">
              <div class="chronological-class-name">com.lambda.test.LambdaTest_4</div> <!-- chronological-class-name -->
              <div class="configuration-test before">
                <img src="failed.png">
                </img>
                <span class="method-name">setUrl(https://www.lambdatest.com/selenium-playground/)</span>
                <span class="method-start">439 ms</span>
              </div> <!-- configuration-test before -->
              <div class="configuration-method before">
                <span class="method-name">setup</span>
                <span class="method-start">456 ms</span>
              </div> <!-- configuration-method before -->
              <div class="test-method">
                <span class="method-name">HandlingSliderBar</span>
                <span class="method-start">462 ms</span>
              </div> <!-- test-method -->
              <div class="configuration-method after">
                <span class="method-name">tearDown</span>
                <span class="method-start">481 ms</span>
              </div> <!-- configuration-method after -->
            </div> <!-- chronological-class -->
            <div class="chronological-class">
              <div class="chronological-class-name">com.lambda.test.LambdaTest_5</div> <!-- chronological-class-name -->
              <div class="configuration-method before">
                <span class="method-name">setup</span>
                <span class="method-start">487 ms</span>
              </div> <!-- configuration-method before -->
              <div class="test-method">
                <span class="method-name">EnterAndValidateMessage</span>
                <span class="method-start">493 ms</span>
              </div> <!-- test-method -->
              <div class="configuration-method after">
                <span class="method-name">tearDown</span>
                <span class="method-start">498 ms</span>
              </div> <!-- configuration-method after -->
            </div> <!-- chronological-class -->
            <div class="chronological-class">
              <div class="chronological-class-name">com.lambda.test.LambdaTest_6</div> <!-- chronological-class-name -->
              <div class="configuration-method before">
                <span class="method-name">setup</span>
                <span class="method-start">504 ms</span>
              </div> <!-- configuration-method before -->
              <div class="test-method">
                <span class="method-name">FormFilling</span>
                <span class="method-start">507 ms</span>
              </div> <!-- test-method -->
              <div class="configuration-method after">
                <span class="method-name">tearDown</span>
                <span class="method-start">523 ms</span>
              </div> <!-- configuration-method after -->
            </div> <!-- chronological-class -->
            <div class="chronological-class">
              <div class="chronological-class-name">com.lambda.test.LambdaTest_4</div> <!-- chronological-class-name -->
              <div class="configuration-test before">
                <img src="failed.png">
                </img>
                <span class="method-name">setUrl(https://www.lambdatest.com/selenium-playground/)</span>
                <span class="method-start">600 ms</span>
              </div> <!-- configuration-test before -->
              <div class="configuration-method before">
                <span class="method-name">setup</span>
                <span class="method-start">619 ms</span>
              </div> <!-- configuration-method before -->
              <div class="test-method">
                <span class="method-name">HandlingSliderBar</span>
                <span class="method-start">624 ms</span>
              </div> <!-- test-method -->
              <div class="configuration-method after">
                <span class="method-name">tearDown</span>
                <span class="method-start">646 ms</span>
              </div> <!-- configuration-method after -->
            </div> <!-- chronological-class -->
            <div class="chronological-class">
              <div class="chronological-class-name">com.lambda.test.LambdaTest_5</div> <!-- chronological-class-name -->
              <div class="configuration-method before">
                <span class="method-name">setup</span>
                <span class="method-start">667 ms</span>
              </div> <!-- configuration-method before -->
              <div class="test-method">
                <span class="method-name">EnterAndValidateMessage</span>
                <span class="method-start">674 ms</span>
              </div> <!-- test-method -->
              <div class="configuration-method after">
                <span class="method-name">tearDown</span>
                <span class="method-start">681 ms</span>
              </div> <!-- configuration-method after -->
            </div> <!-- chronological-class -->
            <div class="chronological-class">
              <div class="chronological-class-name">com.lambda.test.LambdaTest_6</div> <!-- chronological-class-name -->
              <div class="configuration-method before">
                <span class="method-name">setup</span>
                <span class="method-start">703 ms</span>
              </div> <!-- configuration-method before -->
              <div class="test-method">
                <span class="method-name">FormFilling</span>
                <span class="method-start">705 ms</span>
              </div> <!-- test-method -->
              <div class="configuration-method after">
                <span class="method-name">tearDown</span>
                <span class="method-start">708 ms</span>
              </div> <!-- configuration-method after -->
            </div> <!-- chronological-class -->
            <div class="chronological-class">
              <div class="chronological-class-name">com.lambda.test.LambdaTest_4</div> <!-- chronological-class-name -->
              <div class="configuration-test before">
                <img src="failed.png">
                </img>
                <span class="method-name">setUrl(https://www.lambdatest.com/selenium-playground/)</span>
                <span class="method-start">746 ms</span>
              </div> <!-- configuration-test before -->
              <div class="configuration-method before">
                <span class="method-name">setup</span>
                <span class="method-start">756 ms</span>
              </div> <!-- configuration-method before -->
              <div class="test-method">
                <span class="method-name">HandlingSliderBar</span>
                <span class="method-start">760 ms</span>
              </div> <!-- test-method -->
              <div class="configuration-method after">
                <span class="method-name">tearDown</span>
                <span class="method-start">764 ms</span>
              </div> <!-- configuration-method after -->
            </div> <!-- chronological-class -->
            <div class="chronological-class">
              <div class="chronological-class-name">com.lambda.test.LambdaTest_5</div> <!-- chronological-class-name -->
              <div class="configuration-method before">
                <span class="method-name">setup</span>
                <span class="method-start">768 ms</span>
              </div> <!-- configuration-method before -->
              <div class="test-method">
                <span class="method-name">EnterAndValidateMessage</span>
                <span class="method-start">771 ms</span>
              </div> <!-- test-method -->
              <div class="configuration-method after">
                <span class="method-name">tearDown</span>
                <span class="method-start">774 ms</span>
              </div> <!-- configuration-method after -->
            </div> <!-- chronological-class -->
            <div class="chronological-class">
              <div class="chronological-class-name">com.lambda.test.LambdaTest_6</div> <!-- chronological-class-name -->
              <div class="configuration-method before">
                <span class="method-name">setup</span>
                <span class="method-start">779 ms</span>
              </div> <!-- configuration-method before -->
              <div class="test-method">
                <span class="method-name">FormFilling</span>
                <span class="method-start">781 ms</span>
              </div> <!-- test-method -->
              <div class="configuration-method after">
                <span class="method-name">tearDown</span>
                <span class="method-start">783 ms</span>
              </div> <!-- configuration-method after -->
          </div> <!-- main-panel-content rounded-window-bottom -->
        </div> <!-- panel -->
      </div> <!-- main-panel-root -->
    </div> <!-- wrapper -->
  </body>
<script type="text/javascript" src="testng-reports2.js"></script>
</html>
